<?xml version="1.0" encoding="UTF-8"?>
<!-- Generated by org.testng.reporters.JUnitXMLReporter -->
<testsuite ignored="0" hostname="ANAM-DESKTOP" failures="0" tests="4" name="functionss" time="33.118" errors="0" timestamp="2024-09-22T06:55:03 PDT">
  <testcase classname="Pro.Training.Tech.Students.SecondClass" name="a" time="0.0">
    <skipped/>
  </testcase> <!-- a -->
  <testcase classname="Pro.Training.Tech.Students.SecondClass" name="f" time="0.0">
    <skipped/>
  </testcase> <!-- f -->
  <testcase classname="Pro.Training.Tech.Students.FourthClass" name="f" time="0.0">
    <skipped/>
  </testcase> <!-- f -->
  <testcase classname="Pro.Training.Tech.Students.FindElements" name="f" time="0.015"/>
</testsuite> <!-- functionss -->
